mode: atomic
github.com/reviewdog/reviewdog/diff.go:16.56,18.2 1 3
github.com/reviewdog/reviewdog/diff.go:20.62,22.2 1 3
github.com/reviewdog/reviewdog/diff.go:24.34,26.2 1 2
github.com/reviewdog/reviewdog/diff.go:38.52,40.2 1 1
github.com/reviewdog/reviewdog/diff.go:43.59,46.12 3 3
github.com/reviewdog/reviewdog/diff.go:49.2,52.33 2 1
github.com/reviewdog/reviewdog/diff.go:55.2,57.19 3 1
github.com/reviewdog/reviewdog/diff.go:46.12,48.3 1 2
github.com/reviewdog/reviewdog/diff.go:52.33,54.3 1 0
github.com/reviewdog/reviewdog/diff.go:60.31,62.2 1 0
github.com/reviewdog/reviewdog/filter.go:19.104,24.33 3 3
github.com/reviewdog/reviewdog/filter.go:37.2,37.15 1 3
github.com/reviewdog/reviewdog/filter.go:24.33,29.23 4 12
github.com/reviewdog/reviewdog/filter.go:34.3,34.33 1 12
github.com/reviewdog/reviewdog/filter.go:29.23,32.4 2 6
github.com/reviewdog/reviewdog/filter.go:42.45,44.43 2 12
github.com/reviewdog/reviewdog/filter.go:50.2,51.14 2 12
github.com/reviewdog/reviewdog/filter.go:54.2,54.28 1 12
github.com/reviewdog/reviewdog/filter.go:44.43,46.17 2 0
github.com/reviewdog/reviewdog/filter.go:46.17,48.4 1 0
github.com/reviewdog/reviewdog/filter.go:51.14,53.3 1 0
github.com/reviewdog/reviewdog/filter.go:68.63,70.16 2 12
github.com/reviewdog/reviewdog/filter.go:73.2,74.9 2 12
github.com/reviewdog/reviewdog/filter.go:77.2,78.9 2 12
github.com/reviewdog/reviewdog/filter.go:81.2,81.17 1 6
github.com/reviewdog/reviewdog/filter.go:70.16,72.3 1 0
github.com/reviewdog/reviewdog/filter.go:74.9,76.3 1 0
github.com/reviewdog/reviewdog/filter.go:78.9,80.3 1 6
github.com/reviewdog/reviewdog/filter.go:85.75,87.37 2 4
github.com/reviewdog/reviewdog/filter.go:117.2,117.10 1 4
github.com/reviewdog/reviewdog/filter.go:87.37,90.16 3 6
github.com/reviewdog/reviewdog/filter.go:96.3,97.17 2 6
github.com/reviewdog/reviewdog/filter.go:101.3,103.39 2 6
github.com/reviewdog/reviewdog/filter.go:115.3,115.20 1 6
github.com/reviewdog/reviewdog/filter.go:90.16,92.23 2 2
github.com/reviewdog/reviewdog/filter.go:92.23,94.5 1 2
github.com/reviewdog/reviewdog/filter.go:97.17,99.12 1 0
github.com/reviewdog/reviewdog/filter.go:103.39,104.36 1 6
github.com/reviewdog/reviewdog/filter.go:104.36,105.36 1 46
github.com/reviewdog/reviewdog/filter.go:105.36,112.6 1 20
github.com/reviewdog/reviewdog/filter.go:120.46,121.24 1 18
github.com/reviewdog/reviewdog/filter.go:128.2,128.33 1 18
github.com/reviewdog/reviewdog/filter.go:121.24,123.17 2 18
github.com/reviewdog/reviewdog/filter.go:126.3,126.11 1 18
github.com/reviewdog/reviewdog/filter.go:123.17,125.4 1 0
github.com/reviewdog/reviewdog/parser.go:21.48,24.44 2 6
github.com/reviewdog/reviewdog/parser.go:28.2,28.26 1 5
github.com/reviewdog/reviewdog/parser.go:32.2,32.16 1 4
github.com/reviewdog/reviewdog/parser.go:39.2,39.31 1 3
github.com/reviewdog/reviewdog/parser.go:42.2,42.52 1 2
github.com/reviewdog/reviewdog/parser.go:24.44,26.3 1 1
github.com/reviewdog/reviewdog/parser.go:28.26,30.3 1 1
github.com/reviewdog/reviewdog/parser.go:32.16,34.10 2 2
github.com/reviewdog/reviewdog/parser.go:37.3,37.36 1 1
github.com/reviewdog/reviewdog/parser.go:34.10,36.4 1 1
github.com/reviewdog/reviewdog/parser.go:39.31,41.3 1 1
github.com/reviewdog/reviewdog/parser.go:53.76,55.2 1 5
github.com/reviewdog/reviewdog/parser.go:59.76,61.16 2 3
github.com/reviewdog/reviewdog/parser.go:64.2,64.39 1 3
github.com/reviewdog/reviewdog/parser.go:61.16,63.3 1 0
github.com/reviewdog/reviewdog/parser.go:67.72,70.15 3 2
github.com/reviewdog/reviewdog/parser.go:82.2,82.16 1 2
github.com/reviewdog/reviewdog/parser.go:70.15,72.14 2 8
github.com/reviewdog/reviewdog/parser.go:72.14,80.4 1 8
github.com/reviewdog/reviewdog/parser.go:91.35,93.2 1 2
github.com/reviewdog/reviewdog/parser.go:95.71,97.53 2 1
github.com/reviewdog/reviewdog/parser.go:100.2,101.32 2 1
github.com/reviewdog/reviewdog/parser.go:115.2,115.16 1 1
github.com/reviewdog/reviewdog/parser.go:97.53,99.3 1 0
github.com/reviewdog/reviewdog/parser.go:101.32,102.36 1 1
github.com/reviewdog/reviewdog/parser.go:102.36,113.4 1 9
github.com/reviewdog/reviewdog/resultmap.go:20.51,22.2 1 0
github.com/reviewdog/reviewdog/resultmap.go:25.56,27.9 2 0
github.com/reviewdog/reviewdog/resultmap.go:31.2,32.9 2 0
github.com/reviewdog/reviewdog/resultmap.go:36.2,36.15 1 0
github.com/reviewdog/reviewdog/resultmap.go:27.9,29.3 1 0
github.com/reviewdog/reviewdog/resultmap.go:32.9,34.3 1 0
github.com/reviewdog/reviewdog/resultmap.go:40.61,41.42 1 0
github.com/reviewdog/reviewdog/resultmap.go:41.42,44.3 2 0
github.com/reviewdog/reviewdog/resultmap.go:48.32,50.42 2 0
github.com/reviewdog/reviewdog/resultmap.go:54.2,54.10 1 0
github.com/reviewdog/reviewdog/resultmap.go:50.42,53.3 2 0
github.com/reviewdog/reviewdog/resultmap.go:68.67,70.2 1 0
github.com/reviewdog/reviewdog/resultmap.go:73.72,75.9 2 0
github.com/reviewdog/reviewdog/resultmap.go:79.2,80.9 2 0
github.com/reviewdog/reviewdog/resultmap.go:84.2,84.15 1 0
github.com/reviewdog/reviewdog/resultmap.go:75.9,77.3 1 0
github.com/reviewdog/reviewdog/resultmap.go:80.9,82.3 1 0
github.com/reviewdog/reviewdog/resultmap.go:88.77,89.42 1 0
github.com/reviewdog/reviewdog/resultmap.go:89.42,92.3 2 0
github.com/reviewdog/reviewdog/resultmap.go:96.40,98.42 2 0
github.com/reviewdog/reviewdog/resultmap.go:102.2,102.10 1 0
github.com/reviewdog/reviewdog/resultmap.go:98.42,101.3 2 0
github.com/reviewdog/reviewdog/reviewdog.go:24.90,26.2 1 2
github.com/reviewdog/reviewdog/reviewdog.go:29.64,31.2 1 0
github.com/reviewdog/reviewdog/reviewdog.go:76.47,78.16 2 2
github.com/reviewdog/reviewdog/reviewdog.go:82.2,83.31 2 2
github.com/reviewdog/reviewdog/reviewdog.go:98.2,98.46 1 2
github.com/reviewdog/reviewdog/reviewdog.go:102.2,102.12 1 2
github.com/reviewdog/reviewdog/reviewdog.go:78.16,80.3 1 0
github.com/reviewdog/reviewdog/reviewdog.go:83.31,84.20 1 8
github.com/reviewdog/reviewdog/reviewdog.go:87.3,93.48 2 4
github.com/reviewdog/reviewdog/reviewdog.go:84.20,85.12 1 4
github.com/reviewdog/reviewdog/reviewdog.go:93.48,95.4 1 0
github.com/reviewdog/reviewdog/reviewdog.go:98.46,100.3 1 0
github.com/reviewdog/reviewdog/reviewdog.go:106.65,108.16 2 2
github.com/reviewdog/reviewdog/reviewdog.go:112.2,113.16 2 2
github.com/reviewdog/reviewdog/reviewdog.go:117.2,118.16 2 2
github.com/reviewdog/reviewdog/reviewdog.go:122.2,122.62 1 2
github.com/reviewdog/reviewdog/reviewdog.go:108.16,110.3 1 0
github.com/reviewdog/reviewdog/reviewdog.go:113.16,115.3 1 0
github.com/reviewdog/reviewdog/reviewdog.go:118.16,120.3 1 0
github.com/reviewdog/reviewdog/comment.go:11.75,12.32 1 1
github.com/reviewdog/reviewdog/comment.go:17.2,17.12 1 1
github.com/reviewdog/reviewdog/comment.go:12.32,13.41 1 2
github.com/reviewdog/reviewdog/comment.go:13.41,15.4 1 0
github.com/reviewdog/reviewdog/comment.go:20.64,21.32 1 2
github.com/reviewdog/reviewdog/comment.go:28.2,28.12 1 2
github.com/reviewdog/reviewdog/comment.go:21.32,22.46 1 4
github.com/reviewdog/reviewdog/comment.go:22.46,23.42 1 2
github.com/reviewdog/reviewdog/comment.go:23.42,25.5 1 0
github.com/reviewdog/reviewdog/comment.go:33.69,37.2 3 2
github.com/reviewdog/reviewdog/comment_iowriter.go:18.57,20.2 1 3
github.com/reviewdog/reviewdog/comment_iowriter.go:22.70,25.2 2 4
github.com/reviewdog/reviewdog/comment_iowriter.go:41.65,43.2 1 4
github.com/reviewdog/reviewdog/comment_iowriter.go:45.75,47.16 2 4
github.com/reviewdog/reviewdog/comment_iowriter.go:53.2,55.12 3 4
github.com/reviewdog/reviewdog/comment_iowriter.go:47.16,49.16 2 2
github.com/reviewdog/reviewdog/comment_iowriter.go:49.16,51.4 1 1
